# JRE version: OpenJDK Runtime Environment Temurin-17.0.9+9 (17.0.9+9) (build 17.0.9+9)
# Java VM: OpenJDK 64-Bit Server VM Temurin-17.0.9+9 (17.0.9+9, mixed mode, tiered, compressed oops, compressed class ptrs, g1 gc, windows-amd64)
GC Precious Log:
 CPUs: 8 total, 8 available
 Memory: 8089M
 Large Page Support: Disabled
 NUMA Support: Disabled
 Compressed Oops: Enabled (32-bit)
 Heap Region Size: 1M
 Heap Min Capacity: 8M
 Heap Initial Capacity: 128M
 Heap Max Capacity: 2024M
 Pre-touch: Disabled
 Parallel Workers: 8
 Concurrent Workers: 2
 Concurrent Refinement Workers: 8
 Periodic GC: Disabled
Heap:
 garbage-first heap   total 84992K, used 41838K [0x0000000081800000, 0x0000000100000000)
  region size 1024K, 14 young (14336K), 3 survivors (3072K)
 Metaspace       used 87513K, committed 88256K, reserved 1179648K
  class space    used 10968K, committed 11328K, reserved 1048576K
GC Heap History (20 events):
Event: 1355.563 GC heap before
{Heap before GC invocations=43 (full 4):
 garbage-first heap   total 84992K, used 63076K [0x0000000081800000, 0x0000000100000000)
  region size 1024K, 34 young (34816K), 3 survivors (3072K)
 Metaspace       used 85764K, committed 86400K, reserved 1179648K
  class space    used 10853K, committed 11136K, reserved 1048576K
}
Event: 1355.576 GC heap after
{Heap after GC invocations=44 (full 4):
 garbage-first heap   total 84992K, used 33109K [0x0000000081800000, 0x0000000100000000)
  region size 1024K, 3 young (3072K), 3 survivors (3072K)
 Metaspace       used 85764K, committed 86400K, reserved 1179648K
  class space    used 10853K, committed 11136K, reserved 1048576K
}
Event: 1521.639 GC heap before
{Heap before GC invocations=44 (full 4):
 garbage-first heap   total 84992K, used 57685K [0x0000000081800000, 0x0000000100000000)
  region size 1024K, 28 young (28672K), 3 survivors (3072K)
 Metaspace       used 85826K, committed 86464K, reserved 1179648K
  class space    used 10856K, committed 11136K, reserved 1048576K
}
Event: 1522.347 GC heap after
{Heap after GC invocations=45 (full 5):
 garbage-first heap   total 84992K, used 26740K [0x0000000081800000, 0x0000000100000000)
  region size 1024K, 0 young (0K), 0 survivors (0K)
 Metaspace       used 85823K, committed 86464K, reserved 1179648K
  class space    used 10856K, committed 11136K, reserved 1048576K
}
Event: 1524.475 GC heap before
{Heap before GC invocations=45 (full 5):
 garbage-first heap   total 84992K, used 61556K [0x0000000081800000, 0x0000000100000000)
  region size 1024K, 35 young (35840K), 0 survivors (0K)
 Metaspace       used 85992K, committed 86720K, reserved 1179648K
  class space    used 10874K, committed 11200K, reserved 1048576K
}
Event: 1524.504 GC heap after
{Heap after GC invocations=46 (full 5):
 garbage-first heap   total 84992K, used 29593K [0x0000000081800000, 0x0000000100000000)
  region size 1024K, 3 young (3072K), 3 survivors (3072K)
 Metaspace       used 85992K, committed 86720K, reserved 1179648K
  class space    used 10874K, committed 11200K, reserved 1048576K
}
Event: 1526.344 GC heap before
{Heap before GC invocations=46 (full 5):
 garbage-first heap   total 84992K, used 63385K [0x0000000081800000, 0x0000000100000000)
  region size 1024K, 36 young (36864K), 3 survivors (3072K)
 Metaspace       used 86453K, committed 87168K, reserved 1179648K
  class space    used 10907K, committed 11264K, reserved 1048576K
}
Event: 1526.372 GC heap after
{Heap after GC invocations=47 (full 5):
 garbage-first heap   total 84992K, used 31897K [0x0000000081800000, 0x0000000100000000)
  region size 1024K, 3 young (3072K), 3 survivors (3072K)
 Metaspace       used 86453K, committed 87168K, reserved 1179648K
  class space    used 10907K, committed 11264K, reserved 1048576K
}
Event: 1550.747 GC heap before
{Heap before GC invocations=47 (full 5):
 garbage-first heap   total 84992K, used 47257K [0x0000000081800000, 0x0000000100000000)
  region size 1024K, 19 young (19456K), 3 survivors (3072K)
 Metaspace       used 86480K, committed 87232K, reserved 1179648K
  class space    used 10907K, committed 11264K, reserved 1048576K
}
Event: 1550.855 GC heap after
{Heap after GC invocations=48 (full 6):
 garbage-first heap   total 84992K, used 27807K [0x0000000081800000, 0x0000000100000000)
  region size 1024K, 0 young (0K), 0 survivors (0K)
 Metaspace       used 86478K, committed 87232K, reserved 1179648K
  class space    used 10907K, committed 11264K, reserved 1048576K
}
Event: 1552.371 GC heap before
{Heap before GC invocations=48 (full 6):
 garbage-first heap   total 84992K, used 62623K [0x0000000081800000, 0x0000000100000000)
  region size 1024K, 35 young (35840K), 0 survivors (0K)
 Metaspace       used 86574K, committed 87296K, reserved 1179648K
  class space    used 10917K, committed 11264K, reserved 1048576K
}
Event: 1552.377 GC heap after
{Heap after GC invocations=49 (full 6):
 garbage-first heap   total 84992K, used 30814K [0x0000000081800000, 0x0000000100000000)
  region size 1024K, 3 young (3072K), 3 survivors (3072K)
 Metaspace       used 86574K, committed 87296K, reserved 1179648K
  class space    used 10917K, committed 11264K, reserved 1048576K
}
Event: 1553.381 GC heap before
{Heap before GC invocations=49 (full 6):
 garbage-first heap   total 84992K, used 64606K [0x0000000081800000, 0x0000000100000000)
  region size 1024K, 36 young (36864K), 3 survivors (3072K)
 Metaspace       used 86951K, committed 87616K, reserved 1179648K
  class space    used 10933K, committed 11264K, reserved 1048576K
}
Event: 1553.398 GC heap after
{Heap after GC invocations=50 (full 6):
 garbage-first heap   total 84992K, used 32887K [0x0000000081800000, 0x0000000100000000)
  region size 1024K, 3 young (3072K), 3 survivors (3072K)
 Metaspace       used 86951K, committed 87616K, reserved 1179648K
  class space    used 10933K, committed 11264K, reserved 1048576K
}
Event: 1777.248 GC heap before
{Heap before GC invocations=50 (full 6):
 garbage-first heap   total 84992K, used 56439K [0x0000000081800000, 0x0000000100000000)
  region size 1024K, 27 young (27648K), 3 survivors (3072K)
 Metaspace       used 86962K, committed 87680K, reserved 1179648K
  class space    used 10934K, committed 11264K, reserved 1048576K
}
Event: 1777.731 GC heap after
{Heap after GC invocations=51 (full 7):
 garbage-first heap   total 84992K, used 27267K [0x0000000081800000, 0x0000000100000000)
  region size 1024K, 0 young (0K), 0 survivors (0K)
 Metaspace       used 86959K, committed 87680K, reserved 1179648K
  class space    used 10933K, committed 11264K, reserved 1048576K
}
Event: 1780.705 GC heap before
{Heap before GC invocations=51 (full 7):
 garbage-first heap   total 84992K, used 65155K [0x0000000081800000, 0x0000000100000000)
  region size 1024K, 37 young (37888K), 0 survivors (0K)
 Metaspace       used 87109K, committed 87872K, reserved 1179648K
  class space    used 10948K, committed 11264K, reserved 1048576K
}
Event: 1780.724 GC heap after
{Heap after GC invocations=52 (full 7):
 garbage-first heap   total 84992K, used 30396K [0x0000000081800000, 0x0000000100000000)
  region size 1024K, 4 young (4096K), 4 survivors (4096K)
 Metaspace       used 87109K, committed 87872K, reserved 1179648K
  class space    used 10948K, committed 11264K, reserved 1048576K
}
Event: 1781.644 GC heap before
{Heap before GC invocations=52 (full 7):
 garbage-first heap   total 84992K, used 65212K [0x0000000081800000, 0x0000000100000000)
  region size 1024K, 38 young (38912K), 4 survivors (4096K)
 Metaspace       used 87496K, committed 88256K, reserved 1179648K
  class space    used 10967K, committed 11328K, reserved 1048576K
}
Event: 1781.655 GC heap after
{Heap after GC invocations=53 (full 7):
 garbage-first heap   total 84992K, used 32622K [0x0000000081800000, 0x0000000100000000)
  region size 1024K, 3 young (3072K), 3 survivors (3072K)
 Metaspace       used 87496K, committed 88256K, reserved 1179648K
  class space    used 10967K, committed 11328K, reserved 1048576K
}

